<?xml version="1.0" encoding="UTF-8"?>
<testng-results ignored="0" total="1" passed="1" failed="0" skipped="0">
  <reporter-output>
  </reporter-output>
  <suite started-at="2025-03-25T14:24:00 IST" name="Default suite" finished-at="2025-03-25T14:24:36 IST" duration-ms="36580">
    <groups>
    </groups>
    <test started-at="2025-03-25T14:24:00 IST" name="Default test" finished-at="2025-03-25T14:24:36 IST" duration-ms="36580">
      <class name="mfslyca.dede">
        <test-method is-config="true" signature="setUp()[pri:0, instance:mfslyca.dede@1b66c0fb]" started-at="2025-03-25T14:24:00 IST" name="setUp" finished-at="2025-03-25T14:24:09 IST" duration-ms="9297" status="PASS">
          <reporter-output>
          </reporter-output>
        </test-method> <!-- setUp -->
        <test-method signature="didid()[pri:0, instance:mfslyca.dede@1b66c0fb]" started-at="2025-03-25T14:24:09 IST" name="didid" finished-at="2025-03-25T14:24:36 IST" duration-ms="27207" status="PASS">
          <reporter-output>
          </reporter-output>
        </test-method> <!-- didid -->
        <test-method is-config="true" signature="tearDown()[pri:0, instance:mfslyca.dede@1b66c0fb]" started-at="2025-03-25T14:24:36 IST" name="tearDown" finished-at="2025-03-25T14:24:36 IST" duration-ms="0" status="PASS">
          <reporter-output>
          </reporter-output>
        </test-method> <!-- tearDown -->
      </class> <!-- mfslyca.dede -->
    </test> <!-- Default test -->
  </suite> <!-- Default suite -->
</testng-results>
