<?xml version="1.0" encoding="UTF-8"?>
<!-- Generated by org.testng.reporters.JUnitReportReporter -->
<testsuite hostname="AkshayP" failures="0" tests="18" name="bmp.allcases" time="66.364" errors="1" timestamp="2025-07-11T14:12:30 IST" skipped="17">
  <testcase classname="bmp.allcases" name="setUp" time="66.364">
    <error message="Reached error page: about:neterror?e=connectionFailure&amp;u=https%3A//10.0.6.137%3A8443/bmp/auth/login&amp;c=UTF-8&amp;d=Firefox%20can%E2%80%99t%20establish%20a%20connection%20to%20the%20server%20at%2010.0.6.137%3A8443.
Build info: version: &#039;4.13.0&#039;, revision: &#039;ba948ece5b*&#039;
System info: os.name: &#039;Windows 11&#039;, os.arch: &#039;amd64&#039;, os.version: &#039;10.0&#039;, java.version: &#039;11.0.20&#039;
Driver info: org.openqa.selenium.firefox.FirefoxDriver
Command: [f38745af-7be6-42d7-a2ff-1a528163260f, get {url=https://10.0.6.137:8443/bmp/auth/login}]
Capabilities {acceptInsecureCerts: true, browserName: firefox, browserVersion: 140.0.4, moz:accessibilityChecks: false, moz:buildID: 20250707120347, moz:geckodriverVersion: 0.36.0, moz:headless: false, moz:platformVersion: 10.0, moz:processID: 4360, moz:profile: C:\Users\akshay.ps\AppData\..., moz:shutdownTimeout: 60000, moz:webdriverClick: true, moz:windowless: false, pageLoadStrategy: normal, platformName: windows, proxy: Proxy(), setWindowRect: true, strictFileInteractability: false, timeouts: {implicit: 0, pageLoad: 300000, script: 30000}, unhandledPromptBehavior: dismiss and notify, userAgent: Mozilla/5.0 (Windows NT 10....}
Session ID: f38745af-7be6-42d7-a2ff-1a528163260f" type="org.openqa.selenium.WebDriverException">
      <![CDATA[org.openqa.selenium.WebDriverException: Reached error page: about:neterror?e=connectionFailure&u=https%3A//10.0.6.137%3A8443/bmp/auth/login&c=UTF-8&d=Firefox%20can%E2%80%99t%20establish%20a%20connection%20to%20the%20server%20at%2010.0.6.137%3A8443.
Build info: version: '4.13.0', revision: 'ba948ece5b*'
System info: os.name: 'Windows 11', os.arch: 'amd64', os.version: '10.0', java.version: '11.0.20'
Driver info: org.openqa.selenium.firefox.FirefoxDriver
Command: [f38745af-7be6-42d7-a2ff-1a528163260f, get {url=https://10.0.6.137:8443/bmp/auth/login}]
Capabilities {acceptInsecureCerts: true, browserName: firefox, browserVersion: 140.0.4, moz:accessibilityChecks: false, moz:buildID: 20250707120347, moz:geckodriverVersion: 0.36.0, moz:headless: false, moz:platformVersion: 10.0, moz:processID: 4360, moz:profile: C:\Users\akshay.ps\AppData\..., moz:shutdownTimeout: 60000, moz:webdriverClick: true, moz:windowless: false, pageLoadStrategy: normal, platformName: windows, proxy: Proxy(), setWindowRect: true, strictFileInteractability: false, timeouts: {implicit: 0, pageLoad: 300000, script: 30000}, unhandledPromptBehavior: dismiss and notify, userAgent: Mozilla/5.0 (Windows NT 10....}
Session ID: f38745af-7be6-42d7-a2ff-1a528163260f
at java.base/jdk.internal.reflect.NativeConstructorAccessorImpl.newInstance0(Native Method)
at java.base/jdk.internal.reflect.NativeConstructorAccessorImpl.newInstance(NativeConstructorAccessorImpl.java:62)
at java.base/jdk.internal.reflect.DelegatingConstructorAccessorImpl.newInstance(DelegatingConstructorAccessorImpl.java:45)
at java.base/java.lang.reflect.Constructor.newInstance(Constructor.java:490)
at org.openqa.selenium.remote.codec.w3c.W3CHttpResponseCodec.createException(W3CHttpResponseCodec.java:200)
at org.openqa.selenium.remote.codec.w3c.W3CHttpResponseCodec.decode(W3CHttpResponseCodec.java:133)
at org.openqa.selenium.remote.codec.w3c.W3CHttpResponseCodec.decode(W3CHttpResponseCodec.java:52)
at org.openqa.selenium.remote.HttpCommandExecutor.execute(HttpCommandExecutor.java:191)
at org.openqa.selenium.remote.service.DriverCommandExecutor.invokeExecute(DriverCommandExecutor.java:196)
at org.openqa.selenium.remote.service.DriverCommandExecutor.execute(DriverCommandExecutor.java:171)
at org.openqa.selenium.remote.RemoteWebDriver.execute(RemoteWebDriver.java:602)
at org.openqa.selenium.remote.RemoteWebDriver.get(RemoteWebDriver.java:304)
at bmp.allcases.setUp(allcases.java:34)
at java.base/jdk.internal.reflect.NativeMethodAccessorImpl.invoke0(Native Method)
at java.base/jdk.internal.reflect.NativeMethodAccessorImpl.invoke(NativeMethodAccessorImpl.java:62)
at java.base/jdk.internal.reflect.DelegatingMethodAccessorImpl.invoke(DelegatingMethodAccessorImpl.java:43)
at java.base/java.lang.reflect.Method.invoke(Method.java:566)
at org.testng.internal.invokers.MethodInvocationHelper.invokeMethod(MethodInvocationHelper.java:139)
at org.testng.internal.invokers.MethodInvocationHelper.invokeMethodConsideringTimeout(MethodInvocationHelper.java:69)
at org.testng.internal.invokers.ConfigInvoker.invokeConfigurationMethod(ConfigInvoker.java:390)
at org.testng.internal.invokers.ConfigInvoker.invokeConfigurations(ConfigInvoker.java:325)
at org.testng.internal.invokers.TestMethodWorker.invokeBeforeClassMethods(TestMethodWorker.java:180)
at org.testng.internal.invokers.TestMethodWorker.run(TestMethodWorker.java:122)
at java.base/java.util.ArrayList.forEach(ArrayList.java:1541)
at org.testng.TestRunner.privateRun(TestRunner.java:848)
at org.testng.TestRunner.run(TestRunner.java:621)
at org.testng.SuiteRunner.runTest(SuiteRunner.java:443)
at org.testng.SuiteRunner.runSequentially(SuiteRunner.java:437)
at org.testng.SuiteRunner.privateRun(SuiteRunner.java:397)
at org.testng.SuiteRunner.run(SuiteRunner.java:336)
at org.testng.SuiteRunnerWorker.runSuite(SuiteRunnerWorker.java:52)
at org.testng.SuiteRunnerWorker.run(SuiteRunnerWorker.java:95)
at org.testng.TestNG.runSuitesSequentially(TestNG.java:1280)
at org.testng.TestNG.runSuitesLocally(TestNG.java:1200)
at org.testng.TestNG.runSuites(TestNG.java:1114)
at org.testng.TestNG.run(TestNG.java:1082)
at org.testng.remote.AbstractRemoteTestNG.run(AbstractRemoteTestNG.java:115)
at org.testng.remote.RemoteTestNG.initAndRun(RemoteTestNG.java:251)
at org.testng.remote.RemoteTestNG.main(RemoteTestNG.java:77)
]]>
    </error>
  </testcase> <!-- setUp -->
  <testcase classname="bmp.allcases" name="sending_normal_msg1" time="0.000">
    <skipped/>
  </testcase> <!-- sending_normal_msg1 -->
  <testcase classname="bmp.allcases" name="sending_deffered_message" time="0.000">
    <skipped/>
  </testcase> <!-- sending_deffered_message -->
  <testcase classname="bmp.allcases" name="sending_normal_msg10" time="0.000">
    <skipped/>
  </testcase> <!-- sending_normal_msg10 -->
  <testcase classname="bmp.allcases" name="invalid_msisdn" time="0.000">
    <skipped/>
  </testcase> <!-- invalid_msisdn -->
  <testcase classname="bmp.allcases" name="invalid_msisdn2" time="0.000">
    <skipped/>
  </testcase> <!-- invalid_msisdn2 -->
  <testcase classname="bmp.allcases" name="time_elapsed_duplicates" time="0.000">
    <skipped/>
  </testcase> <!-- time_elapsed_duplicates -->
  <testcase classname="bmp.allcases" name="personalized_msg1">
    <skipped/>
  </testcase> <!-- personalized_msg1 -->
  <testcase classname="bmp.allcases" name="barred_msisdn">
    <skipped/>
  </testcase> <!-- barred_msisdn -->
  <testcase classname="bmp.allcases" name="sending_normal_deferred_message">
    <skipped/>
  </testcase> <!-- sending_normal_deferred_message -->
  <testcase classname="bmp.allcases" name="sending_concat_unicodemsg">
    <skipped/>
  </testcase> <!-- sending_concat_unicodemsg -->
  <testcase classname="bmp.allcases" name="sending_normal_deferred_message10">
    <skipped/>
  </testcase> <!-- sending_normal_deferred_message10 -->
  <testcase classname="bmp.allcases" name="sending_normal_deferred_message1">
    <skipped/>
  </testcase> <!-- sending_normal_deferred_message1 -->
  <testcase classname="bmp.allcases" name="personalized_deferred_msg">
    <skipped/>
  </testcase> <!-- personalized_deferred_msg -->
  <testcase classname="bmp.allcases" name="blacklist_msisdn">
    <skipped/>
  </testcase> <!-- blacklist_msisdn -->
  <testcase classname="bmp.allcases" name="sending_deferred_unicode_msg10">
    <skipped/>
  </testcase> <!-- sending_deferred_unicode_msg10 -->
  <testcase classname="bmp.allcases" name="sending_unicode_concat_deferredmsg">
    <skipped/>
  </testcase> <!-- sending_unicode_concat_deferredmsg -->
  <testcase classname="bmp.allcases" name="sending_unicode_msg">
    <skipped/>
  </testcase> <!-- sending_unicode_msg -->
</testsuite> <!-- bmp.allcases -->
