<?xml version="1.0" encoding="UTF-8"?>
<!-- Generated by org.testng.reporters.JUnitReportReporter -->
<testsuite hostname="AkshayP" failures="0" tests="42" name="bmp_react.rc14" time="0.002" errors="1" timestamp="2025-08-18T17:13:56 IST" skipped="41">
  <testcase classname="bmp_react.rc14" name="waiting" time="0.000">
    <error message="Input must be set" type="java.lang.IllegalArgumentException">
      <![CDATA[java.lang.IllegalArgumentException: Input must be set
at org.openqa.selenium.internal.Require.nonNull(Require.java:60)
at org.openqa.selenium.support.ui.FluentWait.<init>(FluentWait.java:94)
at org.openqa.selenium.support.ui.WebDriverWait.<init>(WebDriverWait.java:74)
at org.openqa.selenium.support.ui.WebDriverWait.<init>(WebDriverWait.java:43)
at bmp_react.rc14.waiting(rc14.java:96)
at java.base/jdk.internal.reflect.NativeMethodAccessorImpl.invoke0(Native Method)
at java.base/jdk.internal.reflect.NativeMethodAccessorImpl.invoke(NativeMethodAccessorImpl.java:62)
at java.base/jdk.internal.reflect.DelegatingMethodAccessorImpl.invoke(DelegatingMethodAccessorImpl.java:43)
at java.base/java.lang.reflect.Method.invoke(Method.java:566)
at org.testng.internal.invokers.MethodInvocationHelper.invokeMethod(MethodInvocationHelper.java:139)
at org.testng.internal.invokers.MethodInvocationHelper.invokeMethodConsideringTimeout(MethodInvocationHelper.java:69)
at org.testng.internal.invokers.ConfigInvoker.invokeConfigurationMethod(ConfigInvoker.java:390)
at org.testng.internal.invokers.ConfigInvoker.invokeConfigurations(ConfigInvoker.java:325)
at org.testng.internal.invokers.TestInvoker.runConfigMethods(TestInvoker.java:810)
at org.testng.internal.invokers.TestInvoker.invokeMethod(TestInvoker.java:577)
at org.testng.internal.invokers.TestInvoker.invokeTestMethod(TestInvoker.java:227)
at org.testng.internal.invokers.MethodRunner.runInSequence(MethodRunner.java:50)
at org.testng.internal.invokers.TestInvoker$MethodInvocationAgent.invoke(TestInvoker.java:957)
at org.testng.internal.invokers.TestInvoker.invokeTestMethods(TestInvoker.java:200)
at org.testng.internal.invokers.TestMethodWorker.invokeTestMethods(TestMethodWorker.java:148)
at org.testng.internal.invokers.TestMethodWorker.run(TestMethodWorker.java:128)
at java.base/java.util.ArrayList.forEach(ArrayList.java:1541)
at org.testng.TestRunner.privateRun(TestRunner.java:848)
at org.testng.TestRunner.run(TestRunner.java:621)
at org.testng.SuiteRunner.runTest(SuiteRunner.java:443)
at org.testng.SuiteRunner.runSequentially(SuiteRunner.java:437)
at org.testng.SuiteRunner.privateRun(SuiteRunner.java:397)
at org.testng.SuiteRunner.run(SuiteRunner.java:336)
at org.testng.SuiteRunnerWorker.runSuite(SuiteRunnerWorker.java:52)
at org.testng.SuiteRunnerWorker.run(SuiteRunnerWorker.java:95)
at org.testng.TestNG.runSuitesSequentially(TestNG.java:1280)
at org.testng.TestNG.runSuitesLocally(TestNG.java:1200)
at org.testng.TestNG.runSuites(TestNG.java:1114)
at org.testng.TestNG.run(TestNG.java:1082)
at org.testng.remote.AbstractRemoteTestNG.run(AbstractRemoteTestNG.java:115)
at org.testng.remote.RemoteTestNG.initAndRun(RemoteTestNG.java:251)
at org.testng.remote.RemoteTestNG.main(RemoteTestNG.java:77)
]]>
    </error>
  </testcase> <!-- waiting -->
  <testcase classname="bmp_react.rc14" name="client_deletion" time="0.000">
    <skipped/>
  </testcase> <!-- client_deletion -->
  <testcase classname="bmp_react.rc14" name="package_delete_client" time="0.000">
    <skipped/>
  </testcase> <!-- package_delete_client -->
  <testcase classname="bmp_react.rc14" name="rate_delete_client_point" time="0.000">
    <skipped/>
  </testcase> <!-- rate_delete_client_point -->
  <testcase classname="bmp_react.rc14" name="rate_delete_client_pay" time="0.000">
    <skipped/>
  </testcase> <!-- rate_delete_client_pay -->
  <testcase classname="bmp_react.rc14" name="rate_client_pay" time="0.000">
    <skipped/>
  </testcase> <!-- rate_client_pay -->
  <testcase classname="bmp_react.rc14" name="rate_client_point" time="0.000">
    <skipped/>
  </testcase> <!-- rate_client_point -->
  <testcase classname="bmp_react.rc14" name="package_client" time="0.000">
    <skipped/>
  </testcase> <!-- package_client -->
  <testcase classname="bmp_react.rc14" name="client_creatation" time="0.000">
    <skipped/>
  </testcase> <!-- client_creatation -->
  <testcase classname="bmp_react.rc14" name="delete_barring_system_destination" time="0.000">
    <skipped/>
  </testcase> <!-- delete_barring_system_destination -->
  <testcase classname="bmp_react.rc14" name="barred_system_destination" time="0.000">
    <skipped/>
  </testcase> <!-- barred_system_destination -->
  <testcase classname="bmp_react.rc14" name="barred_system_srource" time="0.000">
    <skipped/>
  </testcase> <!-- barred_system_srource -->
  <testcase classname="bmp_react.rc14" name="delete_barred_system_source" time="0.000">
    <skipped/>
  </testcase> <!-- delete_barred_system_source -->
  <testcase classname="bmp_react.rc14" name="barrred_client_source" time="0.000">
    <skipped/>
  </testcase> <!-- barrred_client_source -->
  <testcase classname="bmp_react.rc14" name="barred_client_destination" time="0.000">
    <skipped/>
  </testcase> <!-- barred_client_destination -->
  <testcase classname="bmp_react.rc14" name="delete_barred_client_destination" time="0.000">
    <skipped/>
  </testcase> <!-- delete_barred_client_destination -->
  <testcase classname="bmp_react.rc14" name="delete_barred_client_source" time="0.000">
    <skipped/>
  </testcase> <!-- delete_barred_client_source -->
  <testcase classname="bmp_react.rc14" name="barred_client_combination" time="0.000">
    <skipped/>
  </testcase> <!-- barred_client_combination -->
  <testcase classname="bmp_react.rc14" name="delete_barred_client_combination" time="0.000">
    <skipped/>
  </testcase> <!-- delete_barred_client_combination -->
  <testcase classname="bmp_react.rc14" name="barred_system_combination" time="0.000">
    <skipped/>
  </testcase> <!-- barred_system_combination -->
  <testcase classname="bmp_react.rc14" name="delete_barred_system_combination" time="0.000">
    <skipped/>
  </testcase> <!-- delete_barred_system_combination -->
  <testcase classname="bmp_react.rc14" name="redirect_system" time="0.000">
    <skipped/>
  </testcase> <!-- redirect_system -->
  <testcase classname="bmp_react.rc14" name="redirect_client" time="0.000">
    <skipped/>
  </testcase> <!-- redirect_client -->
  <testcase classname="bmp_react.rc14" name="delete_redirect_system_clientt" time="0.000">
    <skipped/>
  </testcase> <!-- delete_redirect_system_clientt -->
  <testcase classname="bmp_react.rc14" name="delete_redirect_client" time="0.000">
    <skipped/>
  </testcase> <!-- delete_redirect_client -->
  <testcase classname="bmp_react.rc14" name="switchToPortalGUI" time="0.000">
    <skipped/>
  </testcase> <!-- switchToPortalGUI -->
  <testcase classname="bmp_react.rc14" name="sending_normal_msg1" time="0.000">
    <skipped/>
  </testcase> <!-- sending_normal_msg1 -->
  <testcase classname="bmp_react.rc14" name="sending_normal_msg10" time="0.000">
    <skipped/>
  </testcase> <!-- sending_normal_msg10 -->
  <testcase classname="bmp_react.rc14" name="sending_templete" time="0.000">
    <skipped/>
  </testcase> <!-- sending_templete -->
  <testcase classname="bmp_react.rc14" name="sending_file" time="0.000">
    <skipped/>
  </testcase> <!-- sending_file -->
  <testcase classname="bmp_react.rc14" name="sending_duplfile" time="0.000">
    <skipped/>
  </testcase> <!-- sending_duplfile -->
  <testcase classname="bmp_react.rc14" name="sending_flash" time="0.000">
    <skipped/>
  </testcase> <!-- sending_flash -->
  <testcase classname="bmp_react.rc14" name="adsmsge" time="0.000">
    <skipped/>
  </testcase> <!-- adsmsge -->
  <testcase classname="bmp_react.rc14" name="sending_concate" time="0.000">
    <skipped/>
  </testcase> <!-- sending_concate -->
  <testcase classname="bmp_react.rc14" name="send_multi_lang" time="0.000">
    <skipped/>
  </testcase> <!-- send_multi_lang -->
  <testcase classname="bmp_react.rc14" name="sending_schedule" time="0.000">
    <skipped/>
  </testcase> <!-- sending_schedule -->
  <testcase classname="bmp_react.rc14" name="sending_personal" time="0.000">
    <skipped/>
  </testcase> <!-- sending_personal -->
  <testcase classname="bmp_react.rc14" name="sending_MSISDN_and_Msge" time="0.000">
    <skipped/>
  </testcase> <!-- sending_MSISDN_and_Msge -->
  <testcase classname="bmp_react.rc14" name="Multifactor_auth_sms" time="0.002">
    <skipped/>
  </testcase> <!-- Multifactor_auth_sms -->
  <testcase classname="bmp_react.rc14" name="Multifactor_auth__email" time="0.000">
    <skipped/>
  </testcase> <!-- Multifactor_auth__email -->
  <testcase classname="bmp_react.rc14" name="sending_file_sms_tracker" time="0.000">
    <skipped/>
  </testcase> <!-- sending_file_sms_tracker -->
  <testcase classname="bmp_react.rc14" name="transfer_points">
    <skipped/>
  </testcase> <!-- transfer_points -->
</testsuite> <!-- bmp_react.rc14 -->
